<?xml version="1.0" encoding="UTF-8"?>
<testsuite xmlns:xsi="http://www.w3.org/2001/XMLSchema-instance" xsi:noNamespaceSchemaLocation="https://maven.apache.org/surefire/maven-surefire-plugin/xsd/surefire-test-report.xsd" name="it.polimi.ingsw.model.PersonalBoardTest" time="0.23" tests="9" errors="0" skipped="0" failures="0">
  <properties>
    <property name="java.specification.version" value="21"/>
    <property name="sun.jnu.encoding" value="UTF-8"/>
    <property name="java.class.path" value="/Users/lollo/IdeaProjects/ing-sw-2024-pucci-santarossa-ruggieri-sciarretta/target/test-classes:/Users/lollo/IdeaProjects/ing-sw-2024-pucci-santarossa-ruggieri-sciarretta/target/classes:/Users/lollo/.m2/repository/com/fasterxml/jackson/core/jackson-databind/2.13.0/jackson-databind-2.13.0.jar:/Users/lollo/.m2/repository/com/fasterxml/jackson/core/jackson-annotations/2.13.0/jackson-annotations-2.13.0.jar:/Users/lollo/.m2/repository/com/fasterxml/jackson/core/jackson-core/2.13.0/jackson-core-2.13.0.jar:/Users/lollo/.m2/repository/org/junit/jupiter/junit-jupiter/5.8.2/junit-jupiter-5.8.2.jar:/Users/lollo/.m2/repository/org/junit/jupiter/junit-jupiter-api/5.8.2/junit-jupiter-api-5.8.2.jar:/Users/lollo/.m2/repository/org/opentest4j/opentest4j/1.2.0/opentest4j-1.2.0.jar:/Users/lollo/.m2/repository/org/junit/platform/junit-platform-commons/1.8.2/junit-platform-commons-1.8.2.jar:/Users/lollo/.m2/repository/org/apiguardian/apiguardian-api/1.1.2/apiguardian-api-1.1.2.jar:/Users/lollo/.m2/repository/org/junit/jupiter/junit-jupiter-params/5.8.2/junit-jupiter-params-5.8.2.jar:/Users/lollo/.m2/repository/org/junit/jupiter/junit-jupiter-engine/5.8.2/junit-jupiter-engine-5.8.2.jar:/Users/lollo/.m2/repository/org/junit/platform/junit-platform-engine/1.8.2/junit-platform-engine-1.8.2.jar:"/>
    <property name="java.vm.vendor" value="Oracle Corporation"/>
    <property name="sun.arch.data.model" value="64"/>
    <property name="java.vendor.url" value="https://java.oracle.com/"/>
    <property name="os.name" value="Mac OS X"/>
    <property name="java.vm.specification.version" value="21"/>
    <property name="sun.java.launcher" value="SUN_STANDARD"/>
    <property name="user.country" value="US"/>
    <property name="sun.boot.library.path" value="/Users/lollo/Library/Java/JavaVirtualMachines/openjdk-21.0.2-3/Contents/Home/lib"/>
    <property name="sun.java.command" value="/Users/lollo/IdeaProjects/ing-sw-2024-pucci-santarossa-ruggieri-sciarretta/target/surefire/surefirebooter50392432889365728.jar /Users/lollo/IdeaProjects/ing-sw-2024-pucci-santarossa-ruggieri-sciarretta/target/surefire 2024-03-30T16-37-40_659-jvmRun1 surefire17611666405407287109tmp surefire_07071680441140012127tmp"/>
    <property name="jdk.debug" value="release"/>
    <property name="surefire.test.class.path" value="/Users/lollo/IdeaProjects/ing-sw-2024-pucci-santarossa-ruggieri-sciarretta/target/test-classes:/Users/lollo/IdeaProjects/ing-sw-2024-pucci-santarossa-ruggieri-sciarretta/target/classes:/Users/lollo/.m2/repository/com/fasterxml/jackson/core/jackson-databind/2.13.0/jackson-databind-2.13.0.jar:/Users/lollo/.m2/repository/com/fasterxml/jackson/core/jackson-annotations/2.13.0/jackson-annotations-2.13.0.jar:/Users/lollo/.m2/repository/com/fasterxml/jackson/core/jackson-core/2.13.0/jackson-core-2.13.0.jar:/Users/lollo/.m2/repository/org/junit/jupiter/junit-jupiter/5.8.2/junit-jupiter-5.8.2.jar:/Users/lollo/.m2/repository/org/junit/jupiter/junit-jupiter-api/5.8.2/junit-jupiter-api-5.8.2.jar:/Users/lollo/.m2/repository/org/opentest4j/opentest4j/1.2.0/opentest4j-1.2.0.jar:/Users/lollo/.m2/repository/org/junit/platform/junit-platform-commons/1.8.2/junit-platform-commons-1.8.2.jar:/Users/lollo/.m2/repository/org/apiguardian/apiguardian-api/1.1.2/apiguardian-api-1.1.2.jar:/Users/lollo/.m2/repository/org/junit/jupiter/junit-jupiter-params/5.8.2/junit-jupiter-params-5.8.2.jar:/Users/lollo/.m2/repository/org/junit/jupiter/junit-jupiter-engine/5.8.2/junit-jupiter-engine-5.8.2.jar:/Users/lollo/.m2/repository/org/junit/platform/junit-platform-engine/1.8.2/junit-platform-engine-1.8.2.jar:"/>
    <property name="sun.cpu.endian" value="little"/>
    <property name="user.home" value="/Users/lollo"/>
    <property name="user.language" value="it"/>
    <property name="java.specification.vendor" value="Oracle Corporation"/>
    <property name="java.version.date" value="2024-01-16"/>
    <property name="java.home" value="/Users/lollo/Library/Java/JavaVirtualMachines/openjdk-21.0.2-3/Contents/Home"/>
    <property name="file.separator" value="/"/>
    <property name="basedir" value="/Users/lollo/IdeaProjects/ing-sw-2024-pucci-santarossa-ruggieri-sciarretta"/>
    <property name="java.vm.compressedOopsMode" value="Zero based"/>
    <property name="line.separator" value="&#10;"/>
    <property name="java.specification.name" value="Java Platform API Specification"/>
    <property name="java.vm.specification.vendor" value="Oracle Corporation"/>
    <property name="apple.awt.application.name" value="ForkedBooter"/>
    <property name="surefire.real.class.path" value="/Users/lollo/IdeaProjects/ing-sw-2024-pucci-santarossa-ruggieri-sciarretta/target/surefire/surefirebooter50392432889365728.jar"/>
    <property name="sun.management.compiler" value="HotSpot 64-Bit Tiered Compilers"/>
    <property name="java.runtime.version" value="21.0.2+13-58"/>
    <property name="user.name" value="lollo"/>
    <property name="stdout.encoding" value="UTF-8"/>
    <property name="path.separator" value=":"/>
    <property name="os.version" value="14.1.2"/>
    <property name="java.runtime.name" value="OpenJDK Runtime Environment"/>
    <property name="file.encoding" value="UTF-8"/>
    <property name="java.vm.name" value="OpenJDK 64-Bit Server VM"/>
    <property name="localRepository" value="/Users/lollo/.m2/repository"/>
    <property name="java.vendor.url.bug" value="https://bugreport.java.com/bugreport/"/>
    <property name="java.io.tmpdir" value="/var/folders/65/kq5zqrqj1q75g9xgb3prdv6m0000gq/T/"/>
    <property name="idea.version" value="2023.3.5"/>
    <property name="java.version" value="21.0.2"/>
    <property name="user.dir" value="/Users/lollo/IdeaProjects/ing-sw-2024-pucci-santarossa-ruggieri-sciarretta"/>
    <property name="os.arch" value="x86_64"/>
    <property name="java.vm.specification.name" value="Java Virtual Machine Specification"/>
    <property name="native.encoding" value="UTF-8"/>
    <property name="java.library.path" value="/Users/lollo/Library/Java/Extensions:/Library/Java/Extensions:/Network/Library/Java/Extensions:/System/Library/Java/Extensions:/usr/lib/java:."/>
    <property name="java.vm.info" value="mixed mode, sharing"/>
    <property name="stderr.encoding" value="UTF-8"/>
    <property name="java.vendor" value="Oracle Corporation"/>
    <property name="java.vm.version" value="21.0.2+13-58"/>
    <property name="sun.io.unicode.encoding" value="UnicodeBig"/>
    <property name="java.class.version" value="65.0"/>
  </properties>
  <testcase name="testGoldCardPointsUpdate" classname="it.polimi.ingsw.model.PersonalBoardTest" time="0.011"/>
  <testcase name="testBruteForcePlaceCardSE" classname="it.polimi.ingsw.model.PersonalBoardTest" time="0.05"/>
  <testcase name="testPlaceCardOverlappingException_1" classname="it.polimi.ingsw.model.PersonalBoardTest" time="0.008"/>
  <testcase name="testPlaceCardOverlappingException_2" classname="it.polimi.ingsw.model.PersonalBoardTest" time="0.007"/>
  <testcase name="testCalculateScoresObjectivePattern" classname="it.polimi.ingsw.model.PersonalBoardTest" time="0.068"/>
  <testcase name="testCornerCoverage" classname="it.polimi.ingsw.model.PersonalBoardTest" time="0.021"/>
  <testcase name="testPlaceCardAtNE" classname="it.polimi.ingsw.model.PersonalBoardTest" time="0.045"/>
  <testcase name="testPlaceCardAtSE" classname="it.polimi.ingsw.model.PersonalBoardTest" time="0.006"/>
  <testcase name="testPlaceCardAtSO" classname="it.polimi.ingsw.model.PersonalBoardTest" time="0.008"/>
</testsuite>