<?xml version="1.0" encoding="UTF-8" ?>
<testsuite tests="2" failures="2" name="it.polimi.demo.model.CommonBoardTest" time="0" errors="0" skipped="0">
  <properties>
    <property name="idea.version" value="2023.3.5"/>
    <property name="java.runtime.name" value="OpenJDK Runtime Environment"/>
    <property name="java.vm.version" value="21.0.2+13-58"/>
    <property name="sun.boot.library.path" value="/Users/lollo/Library/Java/JavaVirtualMachines/openjdk-21.0.2-3/Contents/Home/lib"/>
    <property name="maven.multiModuleProjectDirectory" value="/Users/lollo/IdeaProjects/new/ing-sw-2024-pucci-santarossi-ruggieri-sciarretta"/>
    <property name="java.vm.vendor" value="Oracle Corporation"/>
    <property name="java.vendor.url" value="https://java.oracle.com/"/>
    <property name="guice.disable.misplaced.annotation.check" value="true"/>
    <property name="path.separator" value=":"/>
    <property name="java.vm.name" value="OpenJDK 64-Bit Server VM"/>
    <property name="user.country" value="US"/>
    <property name="sun.java.launcher" value="SUN_STANDARD"/>
    <property name="java.vm.specification.name" value="Java Virtual Machine Specification"/>
    <property name="user.dir" value="/Users/lollo/IdeaProjects/new/ing-sw-2024-pucci-santarossi-ruggieri-sciarretta"/>
    <property name="java.vm.compressedOopsMode" value="Zero based"/>
    <property name="java.runtime.version" value="21.0.2+13-58"/>
    <property name="os.arch" value="x86_64"/>
    <property name="java.io.tmpdir" value="/var/folders/65/kq5zqrqj1q75g9xgb3prdv6m0000gq/T/"/>
    <property name="line.separator" value="
"/>
    <property name="java.vm.specification.vendor" value="Oracle Corporation"/>
    <property name="stderr.encoding" value="UTF-8"/>
    <property name="os.name" value="Mac OS X"/>
    <property name="maven.ext.class.path" value="/Applications/IntelliJ IDEA.app/Contents/plugins/maven/lib/maven-event-listener.jar"/>
    <property name="classworlds.conf" value="/Users/lollo/.m2/wrapper/dists/apache-maven-3.8.5-bin/5i5jha092a3i37g0paqnfr15e0/apache-maven-3.8.5/bin/m2.conf"/>
    <property name="sun.jnu.encoding" value="UTF-8"/>
    <property name="stdout.encoding" value="UTF-8"/>
    <property name="java.library.path" value="/Users/lollo/Library/Java/Extensions:/Library/Java/Extensions:/Network/Library/Java/Extensions:/System/Library/Java/Extensions:/usr/lib/java:."/>
    <property name="jansi.passthrough" value="true"/>
    <property name="maven.conf" value="/Users/lollo/.m2/wrapper/dists/apache-maven-3.8.5-bin/5i5jha092a3i37g0paqnfr15e0/apache-maven-3.8.5/conf"/>
    <property name="jdk.debug" value="release"/>
    <property name="java.class.version" value="65.0"/>
    <property name="java.specification.name" value="Java Platform API Specification"/>
    <property name="sun.management.compiler" value="HotSpot 64-Bit Tiered Compilers"/>
    <property name="os.version" value="14.1.2"/>
    <property name="user.home" value="/Users/lollo"/>
    <property name="user.timezone" value="Europe/Rome"/>
    <property name="file.encoding" value="UTF-8"/>
    <property name="java.specification.version" value="21"/>
    <property name="user.name" value="lollo"/>
    <property name="java.class.path" value="/Users/lollo/.m2/wrapper/dists/apache-maven-3.8.5-bin/5i5jha092a3i37g0paqnfr15e0/apache-maven-3.8.5/boot/plexus-classworlds.license:/Users/lollo/.m2/wrapper/dists/apache-maven-3.8.5-bin/5i5jha092a3i37g0paqnfr15e0/apache-maven-3.8.5/boot/plexus-classworlds-2.6.0.jar"/>
    <property name="java.vm.specification.version" value="21"/>
    <property name="sun.arch.data.model" value="64"/>
    <property name="sun.java.command" value="org.codehaus.classworlds.Launcher -Didea.version=2023.3.5 install"/>
    <property name="java.home" value="/Users/lollo/Library/Java/JavaVirtualMachines/openjdk-21.0.2-3/Contents/Home"/>
    <property name="apple.awt.application.name" value="Launcher"/>
    <property name="user.language" value="it"/>
    <property name="java.specification.vendor" value="Oracle Corporation"/>
    <property name="java.vm.info" value="mixed mode, sharing"/>
    <property name="java.version" value="21.0.2"/>
    <property name="native.encoding" value="UTF-8"/>
    <property name="java.vendor" value="Oracle Corporation"/>
    <property name="sun.stderr.encoding" value="UTF-8"/>
    <property name="maven.home" value="/Users/lollo/.m2/wrapper/dists/apache-maven-3.8.5-bin/5i5jha092a3i37g0paqnfr15e0/apache-maven-3.8.5"/>
    <property name="file.separator" value="/"/>
    <property name="java.version.date" value="2024-01-16"/>
    <property name="java.vendor.url.bug" value="https://bugreport.java.com/bugreport/"/>
    <property name="sun.io.unicode.encoding" value="UnicodeBig"/>
    <property name="sun.cpu.endian" value="little"/>
    <property name="sun.stdout.encoding" value="UTF-8"/>
  </properties>
  <testcase classname="it.polimi.demo.model.CommonBoardTest" name="it.polimi.demo.model.CommonBoardTest.testMovePlayer" time="0">
    <failure message="Cannot invoke &quot;it.polimi.demo.model.board.CommonBoard.initializeBoard()&quot; because &quot;this.commonBoard&quot; is null" type="java.lang.NullPointerException">java.lang.NullPointerException: Cannot invoke &quot;it.polimi.demo.model.board.CommonBoard.initializeBoard()&quot; because &quot;this.commonBoard&quot; is null
	at it.polimi.demo.model.CommonBoardTest.testMovePlayer(CommonBoardTest.java:63)
</failure>
  </testcase>
  <testcase classname="it.polimi.demo.model.CommonBoardTest" name="it.polimi.demo.model.CommonBoardTest.testInitializeBoard" time="0">
    <failure message="Cannot invoke &quot;it.polimi.demo.model.board.CommonBoard.initializeBoard()&quot; because &quot;this.commonBoard&quot; is null" type="java.lang.NullPointerException">java.lang.NullPointerException: Cannot invoke &quot;it.polimi.demo.model.board.CommonBoard.initializeBoard()&quot; because &quot;this.commonBoard&quot; is null
	at it.polimi.demo.model.CommonBoardTest.testInitializeBoard(CommonBoardTest.java:28)
</failure>
  </testcase>
</testsuite>